<?xml version="1.0" encoding="UTF-8"?>
<testng-results ignored="0" total="1" passed="1" failed="0" skipped="0">
  <reporter-output>
  </reporter-output>
  <suite started-at="2022-03-23T13:42:57 EDT" name="Default suite" finished-at="2022-03-23T13:43:04 EDT" duration-ms="6764">
    <groups>
    </groups>
    <test started-at="2022-03-23T13:42:57 EDT" name="Default test" finished-at="2022-03-23T13:43:04 EDT" duration-ms="6764">
      <class name="more_ways.Homework">
        <test-method signature="LunchBrowser()[pri:0, instance:more_ways.Homework@13d73fa]" started-at="2022-03-23T13:42:57 EDT" name="LunchBrowser" finished-at="2022-03-23T13:43:04 EDT" duration-ms="6740" status="PASS">
          <reporter-output>
          </reporter-output>
        </test-method> <!-- LunchBrowser -->
      </class> <!-- more_ways.Homework -->
    </test> <!-- Default test -->
  </suite> <!-- Default suite -->
</testng-results>
